Using pre-set license
Built from '2020.3/staging' branch; Version is '2020.3.3f1 (76626098c1c4) revision 7758432'; Using compiler version '192528614'; Build Type 'Release'
OS: 'Windows 10 Education; OS build 18363.1440; Version 1909; 64bit' Language: 'fr' Physical Memory: 16228 MB
BatchMode: 1, IsHumanControllingUs: 0, StartBugReporterOnCrash: 0, Is64bit: 1, IsPro: 0

 COMMAND LINE ARGUMENTS:
C:\Program Files\Unity\Hub\Editor\2020.3.3f1\Editor\Unity.exe
-adb2
-batchMode
-noUpm
-name
AssetImportWorker0
-projectPath
C:/Users/quent/Unity/GameWeek/GameWeek2021/GameWeek 2021
-logFile
Logs/AssetImportWorker0.log
-srvPort
50319
Successfully changed project path to: C:/Users/quent/Unity/GameWeek/GameWeek2021/GameWeek 2021
C:/Users/quent/Unity/GameWeek/GameWeek2021/GameWeek 2021
Using Asset Import Pipeline V2.
Refreshing native plugins compatible for Editor in 49.55 ms, found 0 plugins.
Preloading 0 native plugins for Editor in 0.00 ms.
Initialize engine version: 2020.3.3f1 (76626098c1c4)
[Subsystems] Discovering subsystems at path C:/Program Files/Unity/Hub/Editor/2020.3.3f1/Editor/Data/Resources/UnitySubsystems
[Subsystems] Discovering subsystems at path C:/Users/quent/Unity/GameWeek/GameWeek2021/GameWeek 2021/Assets
GfxDevice: creating device client; threaded=0
Direct3D:
    Version:  Direct3D 11.0 [level 11.1]
    Renderer: NVIDIA GeForce GTX 1060 (ID=0x1c20)
    Vendor:   
    VRAM:     6052 MB
    Driver:   27.21.14.6589
Initialize mono
Mono path[0] = 'C:/Program Files/Unity/Hub/Editor/2020.3.3f1/Editor/Data/Managed'
Mono path[1] = 'C:/Program Files/Unity/Hub/Editor/2020.3.3f1/Editor/Data/MonoBleedingEdge/lib/mono/unityjit'
Mono config path = 'C:/Program Files/Unity/Hub/Editor/2020.3.3f1/Editor/Data/MonoBleedingEdge/etc'
Using monoOptions --debugger-agent=transport=dt_socket,embedding=1,server=y,suspend=n,address=127.0.0.1:56808
Begin MonoManager ReloadAssembly
Registering precompiled unity dll's ...
Register platform support module: C:/Program Files/Unity/Hub/Editor/2020.3.3f1/Editor/Data/PlaybackEngines/WindowsStandaloneSupport/UnityEditor.WindowsStandalone.Extensions.dll
Registered in 0.001670 seconds.
Native extension for WindowsStandalone target not found
Refreshing native plugins compatible for Editor in 54.58 ms, found 0 plugins.
Preloading 0 native plugins for Editor in 0.00 ms.
Invoked RoslynAnalysisRunner static constructor.
RoslynAnalysisRunner will not be running.
RoslynAnalysisRunner has terminated.
Mono: successfully reloaded assembly
- Completed reload, in  1.140 seconds
Platform modules already initialized, skipping
Registering precompiled user dll's ...
Registered in 0.003366 seconds.
Begin MonoManager ReloadAssembly
Native extension for WindowsStandalone target not found
Refreshing native plugins compatible for Editor in 51.41 ms, found 0 plugins.
Preloading 0 native plugins for Editor in 0.00 ms.
Invoked RoslynAnalysisRunner static constructor.
RoslynAnalysisRunner will not be running.
RoslynAnalysisRunner has terminated.
Mono: successfully reloaded assembly
- Completed reload, in  1.151 seconds
Platform modules already initialized, skipping
========================================================================
Worker process is ready to serve import requests
Shader 'Universal Render Pipeline/Particles/Lit': fallback shader 'Universal Render Pipeline/Particles/SimpleLit' not found
Shader 'Universal Render Pipeline/Particles/Lit': fallback shader 'Universal Render Pipeline/Particles/SimpleLit' not found
Launched and connected shader compiler UnityShaderCompiler.exe after 0.07 seconds
Refreshing native plugins compatible for Editor in 0.52 ms, found 0 plugins.
Preloading 0 native plugins for Editor in 0.00 ms.
Unloading 2917 Unused Serialized files (Serialized files now loaded: 0)
System memory in use before: 135.3 MB.
System memory in use after: 132.5 MB.

Unloading 133 unused Assets to reduce memory usage. Loaded Objects now: 3318.
Total: 4.087200 ms (FindLiveObjects: 0.376700 ms CreateObjectMapping: 0.233100 ms MarkObjects: 2.107400 ms  DeleteObjects: 1.368600 ms)

========================================================================
Received Import Request.
  path: Assets/Prefabs/ISART.prefab
  artifactKey: Guid(b1b8377b5825d254c97df3a0a012ae1b) Importer(815301076,1909f56bfc062723c751e8b465ee728b)
Start importing Assets/Prefabs/ISART.prefab using Guid(b1b8377b5825d254c97df3a0a012ae1b) Importer(815301076,1909f56bfc062723c751e8b465ee728b)  -> (artifact id: '80a2133cf703445c7f562925d9b68f15') in 0.280988 seconds
  Import took 0.286727 seconds .

========================================================================
Received Import Request.
  Time since last request: 0.000300 seconds.
  path: Assets/Prefabs/Player.prefab
  artifactKey: Guid(fd0eb92d7e0389b4bba6d4d22950a5e9) Importer(815301076,1909f56bfc062723c751e8b465ee728b)
Start importing Assets/Prefabs/Player.prefab using Guid(fd0eb92d7e0389b4bba6d4d22950a5e9) Importer(815301076,1909f56bfc062723c751e8b465ee728b)  -> (artifact id: 'c6f5ccc302c35b3e90234934b2d235b9') in 0.035076 seconds
  Import took 0.039437 seconds .

========================================================================
Received Import Request.
  Time since last request: 0.000230 seconds.
  path: Assets/Prefabs/Blood_Particles.prefab
  artifactKey: Guid(4a7cd9287989a744eb8d8caa3b87561b) Importer(815301076,1909f56bfc062723c751e8b465ee728b)
Start importing Assets/Prefabs/Blood_Particles.prefab using Guid(4a7cd9287989a744eb8d8caa3b87561b) Importer(815301076,1909f56bfc062723c751e8b465ee728b)  -> (artifact id: '65e7949c4ad72f479d50a7a72b4d9d3a') in 0.011234 seconds
  Import took 0.016737 seconds .

========================================================================
Received Import Request.
  Time since last request: 61.375310 seconds.
  path: Assets/Scenes/TestScene/MattisScene.unity
  artifactKey: Guid(4f60aaeafe1c410449f591c3c9d0a5e3) Importer(815301076,1909f56bfc062723c751e8b465ee728b)
Start importing Assets/Scenes/TestScene/MattisScene.unity using Guid(4f60aaeafe1c410449f591c3c9d0a5e3) Importer(815301076,1909f56bfc062723c751e8b465ee728b)  -> (artifact id: '444a7b0dc53ef701268bdcce5a9d371e') in 0.009160 seconds
  Import took 0.014339 seconds .

========================================================================
Received Prepare
Shader 'Universal Render Pipeline/Particles/Lit': fallback shader 'Universal Render Pipeline/Particles/SimpleLit' not found
Shader 'Universal Render Pipeline/Particles/Lit': fallback shader 'Universal Render Pipeline/Particles/SimpleLit' not found
Refreshing native plugins compatible for Editor in 1.86 ms, found 0 plugins.
Preloading 0 native plugins for Editor in 0.00 ms.
Unloading 42 Unused Serialized files (Serialized files now loaded: 0)
System memory in use before: 79.1 MB.
System memory in use after: 76.3 MB.

Unloading 42 unused Assets to reduce memory usage. Loaded Objects now: 3393.
Total: 4.492600 ms (FindLiveObjects: 0.256000 ms CreateObjectMapping: 0.144600 ms MarkObjects: 2.783600 ms  DeleteObjects: 1.307600 ms)

========================================================================
Received Import Request.
  Time since last request: 44.987671 seconds.
  path: Assets/Prefabs/Quentin/Player2.prefab
  artifactKey: Guid(95792c548bc69f24085a40447b4fc04c) Importer(815301076,1909f56bfc062723c751e8b465ee728b)
Start importing Assets/Prefabs/Quentin/Player2.prefab using Guid(95792c548bc69f24085a40447b4fc04c) Importer(815301076,1909f56bfc062723c751e8b465ee728b)  -> (artifact id: '86aab166f0bfa5e0323d6a328c1cb222') in 0.031779 seconds
  Import took 0.036377 seconds .

========================================================================
Received Prepare
Registering precompiled user dll's ...
Registered in 0.003657 seconds.
Begin MonoManager ReloadAssembly
Native extension for WindowsStandalone target not found
Refreshing native plugins compatible for Editor in 0.76 ms, found 0 plugins.
Preloading 0 native plugins for Editor in 0.00 ms.
Warning: Annotation not found!
UnityEngine.StackTraceUtility:ExtractStackTrace ()
UnityEditor.ProBuilder.EditorUtility:SetGizmoIconEnabled (System.Type,bool) (at Library/PackageCache/com.unity.probuilder@4.5.0/Editor/EditorCore/EditorUtility.cs:593)
UnityEditor.ProBuilder.HierarchyListener:.cctor () (at Library/PackageCache/com.unity.probuilder@4.5.0/Editor/EditorCore/HierarchyListener.cs:21)
System.Runtime.CompilerServices.RuntimeHelpers:RunClassConstructor (System.RuntimeTypeHandle)
UnityEditor.EditorAssemblies:ProcessInitializeOnLoadAttributes (System.Type[])

[Library/PackageCache/com.unity.probuilder@4.5.0/Editor/EditorCore/EditorUtility.cs line 593]

Invoked RoslynAnalysisRunner static constructor.
RoslynAnalysisRunner will not be running.
RoslynAnalysisRunner has terminated.
Mono: successfully reloaded assembly
- Completed reload, in  0.972 seconds
Platform modules already initialized, skipping
Shader 'Universal Render Pipeline/Particles/Lit': fallback shader 'Universal Render Pipeline/Particles/SimpleLit' not found
Shader 'Universal Render Pipeline/Particles/Lit': fallback shader 'Universal Render Pipeline/Particles/SimpleLit' not found
Refreshing native plugins compatible for Editor in 0.50 ms, found 0 plugins.
Preloading 0 native plugins for Editor in 0.00 ms.
Unloading 2811 Unused Serialized files (Serialized files now loaded: 0)
System memory in use before: 134.0 MB.
System memory in use after: 131.2 MB.

Unloading 47 unused Assets to reduce memory usage. Loaded Objects now: 3371.
Total: 4.663500 ms (FindLiveObjects: 0.375300 ms CreateObjectMapping: 0.170100 ms MarkObjects: 2.581100 ms  DeleteObjects: 1.535400 ms)

========================================================================
Received Import Request.
  Time since last request: 1476.181010 seconds.
  path: Assets/Prefabs/Quentin/Player2.prefab
  artifactKey: Guid(95792c548bc69f24085a40447b4fc04c) Importer(815301076,1909f56bfc062723c751e8b465ee728b)
Start importing Assets/Prefabs/Quentin/Player2.prefab using Guid(95792c548bc69f24085a40447b4fc04c) Importer(815301076,1909f56bfc062723c751e8b465ee728b)  -> (artifact id: '119d9a43c6399ba6a0efe0a124d7ec17') in 0.214943 seconds
  Import took 0.221525 seconds .

========================================================================
Received Prepare
Registering precompiled user dll's ...
Registered in 0.004142 seconds.
Begin MonoManager ReloadAssembly
Native extension for WindowsStandalone target not found
Refreshing native plugins compatible for Editor in 0.47 ms, found 0 plugins.
Preloading 0 native plugins for Editor in 0.00 ms.
Warning: Annotation not found!
UnityEngine.StackTraceUtility:ExtractStackTrace ()
UnityEditor.ProBuilder.EditorUtility:SetGizmoIconEnabled (System.Type,bool) (at Library/PackageCache/com.unity.probuilder@4.5.0/Editor/EditorCore/EditorUtility.cs:593)
UnityEditor.ProBuilder.HierarchyListener:.cctor () (at Library/PackageCache/com.unity.probuilder@4.5.0/Editor/EditorCore/HierarchyListener.cs:21)
System.Runtime.CompilerServices.RuntimeHelpers:RunClassConstructor (System.RuntimeTypeHandle)
UnityEditor.EditorAssemblies:ProcessInitializeOnLoadAttributes (System.Type[])

[Library/PackageCache/com.unity.probuilder@4.5.0/Editor/EditorCore/EditorUtility.cs line 593]

Invoked RoslynAnalysisRunner static constructor.
RoslynAnalysisRunner will not be running.
RoslynAnalysisRunner has terminated.
Mono: successfully reloaded assembly
- Completed reload, in  0.984 seconds
Platform modules already initialized, skipping
Shader 'Universal Render Pipeline/Particles/Lit': fallback shader 'Universal Render Pipeline/Particles/SimpleLit' not found
Shader 'Universal Render Pipeline/Particles/Lit': fallback shader 'Universal Render Pipeline/Particles/SimpleLit' not found
Refreshing native plugins compatible for Editor in 0.48 ms, found 0 plugins.
Preloading 0 native plugins for Editor in 0.00 ms.
Unloading 2811 Unused Serialized files (Serialized files now loaded: 0)
System memory in use before: 134.1 MB.
System memory in use after: 131.4 MB.

Unloading 47 unused Assets to reduce memory usage. Loaded Objects now: 3410.
Total: 4.071600 ms (FindLiveObjects: 0.296400 ms CreateObjectMapping: 0.147800 ms MarkObjects: 2.090600 ms  DeleteObjects: 1.535500 ms)

========================================================================
Received Prepare
Registering precompiled user dll's ...
Registered in 0.003897 seconds.
Begin MonoManager ReloadAssembly
Native extension for WindowsStandalone target not found
Refreshing native plugins compatible for Editor in 0.47 ms, found 0 plugins.
Preloading 0 native plugins for Editor in 0.00 ms.
Warning: Annotation not found!
UnityEngine.StackTraceUtility:ExtractStackTrace ()
UnityEditor.ProBuilder.EditorUtility:SetGizmoIconEnabled (System.Type,bool) (at Library/PackageCache/com.unity.probuilder@4.5.0/Editor/EditorCore/EditorUtility.cs:593)
UnityEditor.ProBuilder.HierarchyListener:.cctor () (at Library/PackageCache/com.unity.probuilder@4.5.0/Editor/EditorCore/HierarchyListener.cs:21)
System.Runtime.CompilerServices.RuntimeHelpers:RunClassConstructor (System.RuntimeTypeHandle)
UnityEditor.EditorAssemblies:ProcessInitializeOnLoadAttributes (System.Type[])

[Library/PackageCache/com.unity.probuilder@4.5.0/Editor/EditorCore/EditorUtility.cs line 593]

Invoked RoslynAnalysisRunner static constructor.
RoslynAnalysisRunner will not be running.
RoslynAnalysisRunner has terminated.
Mono: successfully reloaded assembly
- Completed reload, in  0.961 seconds
Platform modules already initialized, skipping
Shader 'Universal Render Pipeline/Particles/Lit': fallback shader 'Universal Render Pipeline/Particles/SimpleLit' not found
Shader 'Universal Render Pipeline/Particles/Lit': fallback shader 'Universal Render Pipeline/Particles/SimpleLit' not found
Refreshing native plugins compatible for Editor in 0.46 ms, found 0 plugins.
Preloading 0 native plugins for Editor in 0.00 ms.
Unloading 2811 Unused Serialized files (Serialized files now loaded: 0)
System memory in use before: 134.2 MB.
System memory in use after: 131.4 MB.

Unloading 47 unused Assets to reduce memory usage. Loaded Objects now: 3413.
Total: 4.925600 ms (FindLiveObjects: 0.274800 ms CreateObjectMapping: 0.149700 ms MarkObjects: 2.469700 ms  DeleteObjects: 2.030400 ms)

========================================================================
Received Import Request.
  Time since last request: 424.879925 seconds.
  path: Assets/Scenes/TestScene/Quentin/GameScene.unity
  artifactKey: Guid(172dffed9d9a118469f5e35c4da58a9f) Importer(815301076,1909f56bfc062723c751e8b465ee728b)
Start importing Assets/Scenes/TestScene/Quentin/GameScene.unity using Guid(172dffed9d9a118469f5e35c4da58a9f) Importer(815301076,1909f56bfc062723c751e8b465ee728b)  -> (artifact id: '0b133cfab969a1b808f0410466aa15f6') in 0.013291 seconds
  Import took 0.018077 seconds .

========================================================================
Received Import Request.
  Time since last request: 0.012223 seconds.
  path: Assets/Scenes/TestScene/Quentin/GameScene.unity
  artifactKey: Guid(172dffed9d9a118469f5e35c4da58a9f) Importer(815301076,1909f56bfc062723c751e8b465ee728b)
Start importing Assets/Scenes/TestScene/Quentin/GameScene.unity using Guid(172dffed9d9a118469f5e35c4da58a9f) Importer(815301076,1909f56bfc062723c751e8b465ee728b)  -> (artifact id: '0b133cfab969a1b808f0410466aa15f6') in 0.003164 seconds
  Import took 0.008271 seconds .

========================================================================
Received Import Request.
  Time since last request: 33.152302 seconds.
  path: Assets/Prefabs/ISART.prefab
  artifactKey: Guid(b1b8377b5825d254c97df3a0a012ae1b) Importer(815301076,1909f56bfc062723c751e8b465ee728b)
Start importing Assets/Prefabs/ISART.prefab using Guid(b1b8377b5825d254c97df3a0a012ae1b) Importer(815301076,1909f56bfc062723c751e8b465ee728b)  -> (artifact id: 'f9ce62cc78eacdedeefc2179fe9cbdf4') in 0.202290 seconds
  Import took 0.208302 seconds .

========================================================================
Received Import Request.
  Time since last request: 49.950776 seconds.
  path: Assets/Materials/Blood.mat
  artifactKey: Guid(48e1f402d77b1ac45b04b2436f42376b) Importer(815301076,1909f56bfc062723c751e8b465ee728b)
Start importing Assets/Materials/Blood.mat using Guid(48e1f402d77b1ac45b04b2436f42376b) Importer(815301076,1909f56bfc062723c751e8b465ee728b)  -> (artifact id: '300048b9cd46cbdf36f481487d1f1e98') in 0.036855 seconds
  Import took 0.042009 seconds .

========================================================================
Received Import Request.
  Time since last request: 0.000159 seconds.
  path: Assets/Materials/WhiteMAT.mat
  artifactKey: Guid(43fa46686c0626e47aabcd7de55737d7) Importer(815301076,1909f56bfc062723c751e8b465ee728b)
Start importing Assets/Materials/WhiteMAT.mat using Guid(43fa46686c0626e47aabcd7de55737d7) Importer(815301076,1909f56bfc062723c751e8b465ee728b)  -> (artifact id: '82bdfd88897bf22ad754db4327dd9e4f') in 0.016923 seconds
  Import took 0.022099 seconds .

========================================================================
Received Import Request.
  Time since last request: 0.963965 seconds.
  path: Assets/Models/Cats/cat1B.fbx
  artifactKey: Guid(7814d5b46ff9f8f4ab842ca9729cb1b4) Importer(815301076,1909f56bfc062723c751e8b465ee728b)
Start importing Assets/Models/Cats/cat1B.fbx using Guid(7814d5b46ff9f8f4ab842ca9729cb1b4) Importer(815301076,1909f56bfc062723c751e8b465ee728b)  -> (artifact id: '1595c3711e99fac3a9e9151352b251c3') in 0.081018 seconds
  Import took 0.089288 seconds .

========================================================================
Received Import Request.
  Time since last request: 0.000279 seconds.
  path: Assets/Models/Cats/cat6N.png
  artifactKey: Guid(a405b55b6301a3046a3d002bf3275ba8) Importer(815301076,1909f56bfc062723c751e8b465ee728b)
Start importing Assets/Models/Cats/cat6N.png using Guid(a405b55b6301a3046a3d002bf3275ba8) Importer(815301076,1909f56bfc062723c751e8b465ee728b)  -> (artifact id: '2967d5bbe6fdf0347b349524def6704d') in 0.038746 seconds
  Import took 0.047980 seconds .

========================================================================
Received Import Request.
  Time since last request: 0.000259 seconds.
  path: Assets/Models/Cats/cat3B.png
  artifactKey: Guid(affa492118b96d54f870485e3b854506) Importer(815301076,1909f56bfc062723c751e8b465ee728b)
Start importing Assets/Models/Cats/cat3B.png using Guid(affa492118b96d54f870485e3b854506) Importer(815301076,1909f56bfc062723c751e8b465ee728b)  -> (artifact id: '0cda1ac5d7ca8f8073f2d040009e57af') in 0.010690 seconds
  Import took 0.014895 seconds .

========================================================================
Received Import Request.
  Time since last request: 0.000227 seconds.
  path: Assets/Models/Cats/cat7G.png
  artifactKey: Guid(a87df547acface147ae4776152846077) Importer(815301076,1909f56bfc062723c751e8b465ee728b)
Start importing Assets/Models/Cats/cat7G.png using Guid(a87df547acface147ae4776152846077) Importer(815301076,1909f56bfc062723c751e8b465ee728b)  -> (artifact id: '6537a3c863b49c15c17bc2d4db5c79ce') in 0.017798 seconds
  Import took 0.023035 seconds .

========================================================================
Received Import Request.
  Time since last request: 0.000230 seconds.
  path: Assets/Models/Cats/cat2G.png
  artifactKey: Guid(db7421d97a6281d41a06cd5fb7ba1c88) Importer(815301076,1909f56bfc062723c751e8b465ee728b)
Start importing Assets/Models/Cats/cat2G.png using Guid(db7421d97a6281d41a06cd5fb7ba1c88) Importer(815301076,1909f56bfc062723c751e8b465ee728b)  -> (artifact id: '6c79a16530c2aa729d96bcb38c1ae8f8') in 0.010489 seconds
  Import took 0.014882 seconds .

========================================================================
Received Import Request.
  Time since last request: 0.000195 seconds.
  path: Assets/Models/Cats/cat7N.png
  artifactKey: Guid(a2809852400e28d47b644bc2d1850501) Importer(815301076,1909f56bfc062723c751e8b465ee728b)
Start importing Assets/Models/Cats/cat7N.png using Guid(a2809852400e28d47b644bc2d1850501) Importer(815301076,1909f56bfc062723c751e8b465ee728b)  -> (artifact id: '40532b01ff36e29c2447b887886b8008') in 0.011036 seconds
  Import took 0.015697 seconds .

========================================================================
Received Import Request.
  Time since last request: 0.000224 seconds.
  path: Assets/Models/Cats/cat8B.fbx
  artifactKey: Guid(49f591c0047ce6f4780863cef6d48d64) Importer(815301076,1909f56bfc062723c751e8b465ee728b)
Start importing Assets/Models/Cats/cat8B.fbx using Guid(49f591c0047ce6f4780863cef6d48d64) Importer(815301076,1909f56bfc062723c751e8b465ee728b)  -> (artifact id: 'fdcf86ce1a06b94ad4d325bac031d5f6') in 0.021812 seconds
  Import took 0.026032 seconds .

========================================================================
Received Import Request.
  Time since last request: 0.000198 seconds.
  path: Assets/Models/Cats/cat7B.fbx
  artifactKey: Guid(c8f02a1bf962c4b4492b6dfc56e058c4) Importer(815301076,1909f56bfc062723c751e8b465ee728b)
Start importing Assets/Models/Cats/cat7B.fbx using Guid(c8f02a1bf962c4b4492b6dfc56e058c4) Importer(815301076,1909f56bfc062723c751e8b465ee728b)  -> (artifact id: '29e7031b9be3a1beec7fa7eaa61a22cc') in 0.022736 seconds
  Import took 0.026798 seconds .

========================================================================
Received Import Request.
  Time since last request: 0.000195 seconds.
  path: Assets/Models/Cats/cat4G.fbx
  artifactKey: Guid(fd468e7c01adcf94687a2d63f5baf5c5) Importer(815301076,1909f56bfc062723c751e8b465ee728b)
Start importing Assets/Models/Cats/cat4G.fbx using Guid(fd468e7c01adcf94687a2d63f5baf5c5) Importer(815301076,1909f56bfc062723c751e8b465ee728b)  -> (artifact id: '571a739cafea2ba669e4dcb2e32e0646') in 0.022272 seconds
  Import took 0.026660 seconds .

========================================================================
Received Import Request.
  Time since last request: 0.000198 seconds.
  path: Assets/Models/Cats/cat5B.png
  artifactKey: Guid(7372c5090bb3ad94aa350a87e8be3223) Importer(815301076,1909f56bfc062723c751e8b465ee728b)
Start importing Assets/Models/Cats/cat5B.png using Guid(7372c5090bb3ad94aa350a87e8be3223) Importer(815301076,1909f56bfc062723c751e8b465ee728b)  -> (artifact id: 'ef42a3de65632d16e7e641a3a2d5f5f0') in 0.010532 seconds
  Import took 0.014657 seconds .

========================================================================
Received Import Request.
  Time since last request: 0.000249 seconds.
  path: Assets/Models/Cats/cat8G.fbx
  artifactKey: Guid(aa9d2045a87b3624fb241040f4136724) Importer(815301076,1909f56bfc062723c751e8b465ee728b)
Start importing Assets/Models/Cats/cat8G.fbx using Guid(aa9d2045a87b3624fb241040f4136724) Importer(815301076,1909f56bfc062723c751e8b465ee728b)  -> (artifact id: '6ab7bfed57f5cce09eb825a06375bfa9') in 0.021164 seconds
  Import took 0.025801 seconds .

========================================================================
Received Import Request.
  Time since last request: 0.000152 seconds.
  path: Assets/Models/Cats/cat3N.png
  artifactKey: Guid(ba085e37a3a5ce043886e430dc6d76f4) Importer(815301076,1909f56bfc062723c751e8b465ee728b)
Start importing Assets/Models/Cats/cat3N.png using Guid(ba085e37a3a5ce043886e430dc6d76f4) Importer(815301076,1909f56bfc062723c751e8b465ee728b)  -> (artifact id: '4d540dafe16c6b0f69b244c3b9339dcd') in 0.016979 seconds
  Import took 0.021242 seconds .

========================================================================
Received Import Request.
  Time since last request: 0.000158 seconds.
  path: Assets/Models/Cats/cat2B.png
  artifactKey: Guid(7ecb8a6fa012d0341b29d83e4b6445ae) Importer(815301076,1909f56bfc062723c751e8b465ee728b)
Start importing Assets/Models/Cats/cat2B.png using Guid(7ecb8a6fa012d0341b29d83e4b6445ae) Importer(815301076,1909f56bfc062723c751e8b465ee728b)  -> (artifact id: '1fad972710d33d5503614636e2f235b5') in 0.010717 seconds
  Import took 0.014740 seconds .

========================================================================
Received Import Request.
  Time since last request: 0.000188 seconds.
  path: Assets/Models/Cats/cat6G.png
  artifactKey: Guid(9622ce2a55f1ded45bb80100ace817f1) Importer(815301076,1909f56bfc062723c751e8b465ee728b)
Start importing Assets/Models/Cats/cat6G.png using Guid(9622ce2a55f1ded45bb80100ace817f1) Importer(815301076,1909f56bfc062723c751e8b465ee728b)  -> (artifact id: '1f8cb3b5f28265eaff6921057a605d24') in 0.010659 seconds
  Import took 0.014719 seconds .

========================================================================
Received Import Request.
  Time since last request: 0.000279 seconds.
  path: Assets/Models/Cats/cat2B.fbx
  artifactKey: Guid(95dd34a8289a3514fbf9fbb7bcec8211) Importer(815301076,1909f56bfc062723c751e8b465ee728b)
Start importing Assets/Models/Cats/cat2B.fbx using Guid(95dd34a8289a3514fbf9fbb7bcec8211) Importer(815301076,1909f56bfc062723c751e8b465ee728b)  -> (artifact id: '20a521d6bf1e13b8d398ad51191fa7fd') in 0.020872 seconds
  Import took 0.025008 seconds .

========================================================================
Received Import Request.
  Time since last request: 0.000233 seconds.
  path: Assets/Models/Cats/cat3B.fbx
  artifactKey: Guid(c7474cb2299bf5341957dc4340cb1cf2) Importer(815301076,1909f56bfc062723c751e8b465ee728b)
Start importing Assets/Models/Cats/cat3B.fbx using Guid(c7474cb2299bf5341957dc4340cb1cf2) Importer(815301076,1909f56bfc062723c751e8b465ee728b)  -> (artifact id: '86c0f32faf888c121a9588ad16545776') in 0.022333 seconds
  Import took 0.026632 seconds .

========================================================================
Received Import Request.
  Time since last request: 0.000242 seconds.
  path: Assets/Models/Cats/cat3G.png
  artifactKey: Guid(e9d854a1868353841b50278ffa5b6291) Importer(815301076,1909f56bfc062723c751e8b465ee728b)
Start importing Assets/Models/Cats/cat3G.png using Guid(e9d854a1868353841b50278ffa5b6291) Importer(815301076,1909f56bfc062723c751e8b465ee728b)  -> (artifact id: 'c151fea35c024ebd1b2baca32219c1f5') in 0.013376 seconds
  Import took 0.017378 seconds .

========================================================================
Received Import Request.
  Time since last request: 0.000270 seconds.
  path: Assets/Models/Cats/cat8G.png
  artifactKey: Guid(e5e3dfe2a96c016418d5b5303d65ad6e) Importer(815301076,1909f56bfc062723c751e8b465ee728b)
Start importing Assets/Models/Cats/cat8G.png using Guid(e5e3dfe2a96c016418d5b5303d65ad6e) Importer(815301076,1909f56bfc062723c751e8b465ee728b)  -> (artifact id: '2bd5557b542afa5f7ac84e964939b4f8') in 0.009950 seconds
  Import took 0.014627 seconds .

========================================================================
Received Import Request.
  Time since last request: 0.000255 seconds.
  path: Assets/Models/Cats/cat4B.png
  artifactKey: Guid(1c8823e64aceda94ca879ce33ddee4c4) Importer(815301076,1909f56bfc062723c751e8b465ee728b)
Start importing Assets/Models/Cats/cat4B.png using Guid(1c8823e64aceda94ca879ce33ddee4c4) Importer(815301076,1909f56bfc062723c751e8b465ee728b)  -> (artifact id: '1bc0e55a48a28af7babe24702ccf2f0a') in 0.012405 seconds
  Import took 0.016486 seconds .

========================================================================
Received Import Request.
  Time since last request: 0.000229 seconds.
  path: Assets/Models/Cats/cat1N.fbx
  artifactKey: Guid(6a718e5a57879324bae341201e27a3c2) Importer(815301076,1909f56bfc062723c751e8b465ee728b)
Start importing Assets/Models/Cats/cat1N.fbx using Guid(6a718e5a57879324bae341201e27a3c2) Importer(815301076,1909f56bfc062723c751e8b465ee728b)  -> (artifact id: '69d710159e94090fdf8c478c4cd7e14c') in 0.021770 seconds
  Import took 0.025908 seconds .

========================================================================
Received Import Request.
  Time since last request: 0.000273 seconds.
  path: Assets/Models/Cats/cat3G.fbx
  artifactKey: Guid(a897cbfb182242d47a4af7c6c45c8ec6) Importer(815301076,1909f56bfc062723c751e8b465ee728b)
Start importing Assets/Models/Cats/cat3G.fbx using Guid(a897cbfb182242d47a4af7c6c45c8ec6) Importer(815301076,1909f56bfc062723c751e8b465ee728b)  -> (artifact id: '9311899beed253b4010591ff9121246e') in 0.021611 seconds
  Import took 0.025925 seconds .

========================================================================
Received Import Request.
  Time since last request: 0.000256 seconds.
  path: Assets/Models/Cats/cat4G.png
  artifactKey: Guid(9116bf574da024d4793adf6d238a6dfc) Importer(815301076,1909f56bfc062723c751e8b465ee728b)
Start importing Assets/Models/Cats/cat4G.png using Guid(9116bf574da024d4793adf6d238a6dfc) Importer(815301076,1909f56bfc062723c751e8b465ee728b)  -> (artifact id: 'a9cfd05a383bb980bb8708963ab77c49') in 0.009799 seconds
  Import took 0.014068 seconds .

========================================================================
Received Import Request.
  Time since last request: 0.000231 seconds.
  path: Assets/Models/Cats/cat7G.fbx
  artifactKey: Guid(9c8cbbe07c61ebe4bb512ca8ca5e300f) Importer(815301076,1909f56bfc062723c751e8b465ee728b)
Start importing Assets/Models/Cats/cat7G.fbx using Guid(9c8cbbe07c61ebe4bb512ca8ca5e300f) Importer(815301076,1909f56bfc062723c751e8b465ee728b)  -> (artifact id: '61ef1cf129ab807dc1c534ac19d77238') in 0.028171 seconds
  Import took 0.032111 seconds .

========================================================================
Received Import Request.
  Time since last request: 0.000303 seconds.
  path: Assets/Models/Cats/cat2N.fbx
  artifactKey: Guid(4c2f3d72efc83db42802dcafd945b757) Importer(815301076,1909f56bfc062723c751e8b465ee728b)
Start importing Assets/Models/Cats/cat2N.fbx using Guid(4c2f3d72efc83db42802dcafd945b757) Importer(815301076,1909f56bfc062723c751e8b465ee728b)  -> (artifact id: '78d9caba020839d06eb38c7823de0794') in 0.021979 seconds
  Import took 0.026376 seconds .

========================================================================
Received Import Request.
  Time since last request: 0.000243 seconds.
  path: Assets/Models/Cats/cat5N.fbx
  artifactKey: Guid(2b447194a24b4204795d2af95ba83f2d) Importer(815301076,1909f56bfc062723c751e8b465ee728b)
Start importing Assets/Models/Cats/cat5N.fbx using Guid(2b447194a24b4204795d2af95ba83f2d) Importer(815301076,1909f56bfc062723c751e8b465ee728b)  -> (artifact id: '0a7fcc52814ebc5690d3b01294f10c57') in 0.023545 seconds
  Import took 0.027585 seconds .

========================================================================
Received Import Request.
  Time since last request: 0.000296 seconds.
  path: Assets/Models/Cats/cat8N.png
  artifactKey: Guid(f21f64dad7dc46d45a5c8499ce2dcbad) Importer(815301076,1909f56bfc062723c751e8b465ee728b)
Start importing Assets/Models/Cats/cat8N.png using Guid(f21f64dad7dc46d45a5c8499ce2dcbad) Importer(815301076,1909f56bfc062723c751e8b465ee728b)  -> (artifact id: '9abcbf6e607114d8e633be3c6c14e0dc') in 0.011030 seconds
  Import took 0.015697 seconds .

========================================================================
Received Import Request.
  Time since last request: 0.000233 seconds.
  path: Assets/Models/Cats/cat4N.fbx
  artifactKey: Guid(7093aefb568d7df4b89c2728cbd7b36e) Importer(815301076,1909f56bfc062723c751e8b465ee728b)
Start importing Assets/Models/Cats/cat4N.fbx using Guid(7093aefb568d7df4b89c2728cbd7b36e) Importer(815301076,1909f56bfc062723c751e8b465ee728b)  -> (artifact id: 'e1b2c31ef4d031e9d0a8f189f18fbec3') in 0.026789 seconds
  Import took 0.031102 seconds .

========================================================================
Received Import Request.
  Time since last request: 0.000231 seconds.
  path: Assets/Models/Cats/cat7N.fbx
  artifactKey: Guid(e3e0ab3696aeb2b489cf4e3085228a5c) Importer(815301076,1909f56bfc062723c751e8b465ee728b)
Start importing Assets/Models/Cats/cat7N.fbx using Guid(e3e0ab3696aeb2b489cf4e3085228a5c) Importer(815301076,1909f56bfc062723c751e8b465ee728b)  -> (artifact id: 'f4df092a380f6bb4046a1430d212399f') in 0.021444 seconds
  Import took 0.025443 seconds .

========================================================================
Received Import Request.
  Time since last request: 0.000240 seconds.
  path: Assets/Models/Cats/cat7B.png
  artifactKey: Guid(92b5005ec006f094b803dca7d4181a15) Importer(815301076,1909f56bfc062723c751e8b465ee728b)
Start importing Assets/Models/Cats/cat7B.png using Guid(92b5005ec006f094b803dca7d4181a15) Importer(815301076,1909f56bfc062723c751e8b465ee728b)  -> (artifact id: 'ecd7f767d9d372b7c5ac7edb50fd3d5e') in 0.009066 seconds
  Import took 0.012889 seconds .

========================================================================
Received Import Request.
  Time since last request: 0.000256 seconds.
  path: Assets/Models/Cats/cat2G.fbx
  artifactKey: Guid(cbad2ad63fd1b7b4ea4056846c5a7a9d) Importer(815301076,1909f56bfc062723c751e8b465ee728b)
Start importing Assets/Models/Cats/cat2G.fbx using Guid(cbad2ad63fd1b7b4ea4056846c5a7a9d) Importer(815301076,1909f56bfc062723c751e8b465ee728b)  -> (artifact id: '215d6dcecc9fb55dfa3ab6f60f1102bf') in 0.021604 seconds
  Import took 0.026226 seconds .

========================================================================
Received Import Request.
  Time since last request: 0.000264 seconds.
  path: Assets/Models/Cats/cat6N.fbx
  artifactKey: Guid(18945c9cb29019f45a45d922ce6020ed) Importer(815301076,1909f56bfc062723c751e8b465ee728b)
Start importing Assets/Models/Cats/cat6N.fbx using Guid(18945c9cb29019f45a45d922ce6020ed) Importer(815301076,1909f56bfc062723c751e8b465ee728b)  -> (artifact id: '9c576fc171d39e40fc3610a42dc5b7b9') in 0.025978 seconds
  Import took 0.030014 seconds .

========================================================================
Received Import Request.
  Time since last request: 0.000229 seconds.
  path: Assets/Models/Cats/cat6B.png
  artifactKey: Guid(e9308b3660f12d544a9492349f264a54) Importer(815301076,1909f56bfc062723c751e8b465ee728b)
Start importing Assets/Models/Cats/cat6B.png using Guid(e9308b3660f12d544a9492349f264a54) Importer(815301076,1909f56bfc062723c751e8b465ee728b)  -> (artifact id: 'bff111009baa561b964cca3300c6bc86') in 0.011094 seconds
  Import took 0.015086 seconds .

========================================================================
Received Import Request.
  Time since last request: 0.000235 seconds.
  path: Assets/Models/Cats/cat5N.png
  artifactKey: Guid(0df6c426b91c8df4d997913b33bab14c) Importer(815301076,1909f56bfc062723c751e8b465ee728b)
Start importing Assets/Models/Cats/cat5N.png using Guid(0df6c426b91c8df4d997913b33bab14c) Importer(815301076,1909f56bfc062723c751e8b465ee728b)  -> (artifact id: '1f20aee4c41c26d1d0071e3d3b20b400') in 0.009586 seconds
  Import took 0.013807 seconds .

========================================================================
Received Import Request.
  Time since last request: 0.000226 seconds.
  path: Assets/Models/Cats/cat8B.png
  artifactKey: Guid(c965888237b38fc46baa30ad9a78c075) Importer(815301076,1909f56bfc062723c751e8b465ee728b)
Start importing Assets/Models/Cats/cat8B.png using Guid(c965888237b38fc46baa30ad9a78c075) Importer(815301076,1909f56bfc062723c751e8b465ee728b)  -> (artifact id: 'ef27e18df43d174c3e95fa6c59ad4aeb') in 0.009487 seconds
  Import took 0.013535 seconds .

========================================================================
Received Import Request.
  Time since last request: 0.000240 seconds.
  path: Assets/Models/Cats/cat3N.fbx
  artifactKey: Guid(e96f0a3044768424ebd78c0ae4f363cb) Importer(815301076,1909f56bfc062723c751e8b465ee728b)
Start importing Assets/Models/Cats/cat3N.fbx using Guid(e96f0a3044768424ebd78c0ae4f363cb) Importer(815301076,1909f56bfc062723c751e8b465ee728b)  -> (artifact id: 'd4357340e16470d8c82563e5207d214d') in 0.026878 seconds
  Import took 0.032047 seconds .

========================================================================
Received Import Request.
  Time since last request: 0.000233 seconds.
  path: Assets/Models/Cats/cat5G.fbx
  artifactKey: Guid(30a8a10380ed4e74890130d57bf1ef50) Importer(815301076,1909f56bfc062723c751e8b465ee728b)
Start importing Assets/Models/Cats/cat5G.fbx using Guid(30a8a10380ed4e74890130d57bf1ef50) Importer(815301076,1909f56bfc062723c751e8b465ee728b)  -> (artifact id: '1b61f26f9e75e2e5f913eb6ab7bf374e') in 0.024131 seconds
  Import took 0.028903 seconds .

========================================================================
Received Import Request.
  Time since last request: 0.000353 seconds.
  path: Assets/Models/Cats/cat4B.fbx
  artifactKey: Guid(51aec94ff1f3a164d936c5bca7b70e41) Importer(815301076,1909f56bfc062723c751e8b465ee728b)
Start importing Assets/Models/Cats/cat4B.fbx using Guid(51aec94ff1f3a164d936c5bca7b70e41) Importer(815301076,1909f56bfc062723c751e8b465ee728b)  -> (artifact id: '9ef036d55551b22f424fb04c6279abc4') in 0.021709 seconds
  Import took 0.026322 seconds .

========================================================================
Received Import Request.
  Time since last request: 0.000240 seconds.
  path: Assets/Models/Cats/cat8N.fbx
  artifactKey: Guid(1a1f1681fefe62c4f8384b44acfc092a) Importer(815301076,1909f56bfc062723c751e8b465ee728b)
Start importing Assets/Models/Cats/cat8N.fbx using Guid(1a1f1681fefe62c4f8384b44acfc092a) Importer(815301076,1909f56bfc062723c751e8b465ee728b)  -> (artifact id: '93762954a5bd663a840cb5d36d8927df') in 0.023897 seconds
  Import took 0.028761 seconds .

========================================================================
Received Import Request.
  Time since last request: 0.000217 seconds.
  path: Assets/Models/Cats/cat6G.fbx
  artifactKey: Guid(841d6177328737a4eab4bb2f5b18218c) Importer(815301076,1909f56bfc062723c751e8b465ee728b)
Start importing Assets/Models/Cats/cat6G.fbx using Guid(841d6177328737a4eab4bb2f5b18218c) Importer(815301076,1909f56bfc062723c751e8b465ee728b)  -> (artifact id: '77dd1332b4334c21f9abb7827ae28af4') in 0.028401 seconds
  Import took 0.033522 seconds .

========================================================================
Received Import Request.
  Time since last request: 0.000215 seconds.
  path: Assets/Models/Cats/cat1G.fbx
  artifactKey: Guid(586817d8fe3c2f342beb8cb909418018) Importer(815301076,1909f56bfc062723c751e8b465ee728b)
Start importing Assets/Models/Cats/cat1G.fbx using Guid(586817d8fe3c2f342beb8cb909418018) Importer(815301076,1909f56bfc062723c751e8b465ee728b)  -> (artifact id: '78453d24b47038934ca34d1891b50f22') in 0.024039 seconds
  Import took 0.028495 seconds .

========================================================================
Received Import Request.
  Time since last request: 0.000260 seconds.
  path: Assets/Models/Cats/cat1Btexture.png
  artifactKey: Guid(dee69ad161bba454fa2483dc8a673135) Importer(815301076,1909f56bfc062723c751e8b465ee728b)
Start importing Assets/Models/Cats/cat1Btexture.png using Guid(dee69ad161bba454fa2483dc8a673135) Importer(815301076,1909f56bfc062723c751e8b465ee728b)  -> (artifact id: 'ec75b31f0a487ad56be1dca7109326c3') in 0.011431 seconds
  Import took 0.016184 seconds .

========================================================================
Received Import Request.
  Time since last request: 0.000225 seconds.
  path: Assets/Models/Cats/cat1N.png
  artifactKey: Guid(8ee9e135ef802d94cbb957f38089003f) Importer(815301076,1909f56bfc062723c751e8b465ee728b)
Start importing Assets/Models/Cats/cat1N.png using Guid(8ee9e135ef802d94cbb957f38089003f) Importer(815301076,1909f56bfc062723c751e8b465ee728b)  -> (artifact id: '05c2af1bbcfdd15b00585831cb8015ad') in 0.010929 seconds
  Import took 0.015357 seconds .

========================================================================
Received Import Request.
  Time since last request: 0.000449 seconds.
  path: Assets/Models/Cats/cat5G.png
  artifactKey: Guid(ae6a8d718f752994ea8f4b5f59550aff) Importer(815301076,1909f56bfc062723c751e8b465ee728b)
Start importing Assets/Models/Cats/cat5G.png using Guid(ae6a8d718f752994ea8f4b5f59550aff) Importer(815301076,1909f56bfc062723c751e8b465ee728b)  -> (artifact id: 'a00b4e538eea6f142d19378660258dc0') in 0.011911 seconds
  Import took 0.016741 seconds .

========================================================================
Received Import Request.
  Time since last request: 0.000307 seconds.
  path: Assets/Models/Cats/cat5B.fbx
  artifactKey: Guid(1deb3f6068a8c3a49951935e28d2d051) Importer(815301076,1909f56bfc062723c751e8b465ee728b)
Start importing Assets/Models/Cats/cat5B.fbx using Guid(1deb3f6068a8c3a49951935e28d2d051) Importer(815301076,1909f56bfc062723c751e8b465ee728b)  -> (artifact id: 'd098ac058febbf5421aaf9db973c556f') in 0.027136 seconds
  Import took 0.032004 seconds .

========================================================================
Received Import Request.
  Time since last request: 0.000245 seconds.
  path: Assets/Models/Cats/cat6B.fbx
  artifactKey: Guid(2233038522742f6478975e6fa0edefd7) Importer(815301076,1909f56bfc062723c751e8b465ee728b)
Start importing Assets/Models/Cats/cat6B.fbx using Guid(2233038522742f6478975e6fa0edefd7) Importer(815301076,1909f56bfc062723c751e8b465ee728b)  -> (artifact id: 'a842d9383e5be1ff4e5c7e35e11d99a1') in 0.020421 seconds
  Import took 0.024759 seconds .

========================================================================
Received Import Request.
  Time since last request: 0.000231 seconds.
  path: Assets/Models/Cats/cat1G.png
  artifactKey: Guid(5ebb21d70e711bf419ad9a59706e1ad4) Importer(815301076,1909f56bfc062723c751e8b465ee728b)
Start importing Assets/Models/Cats/cat1G.png using Guid(5ebb21d70e711bf419ad9a59706e1ad4) Importer(815301076,1909f56bfc062723c751e8b465ee728b)  -> (artifact id: 'cef989572db6e3b548c64d414b6f4258') in 0.009887 seconds
  Import took 0.014105 seconds .

========================================================================
Received Import Request.
  Time since last request: 0.000299 seconds.
  path: Assets/Models/Cats/cat2N.png
  artifactKey: Guid(32aeb1d07b86c2a4e975e606cce867ba) Importer(815301076,1909f56bfc062723c751e8b465ee728b)
Start importing Assets/Models/Cats/cat2N.png using Guid(32aeb1d07b86c2a4e975e606cce867ba) Importer(815301076,1909f56bfc062723c751e8b465ee728b)  -> (artifact id: '24a204d5083d6c3fe2e04e49e525f807') in 0.014860 seconds
  Import took 0.019182 seconds .

========================================================================
Received Import Request.
  Time since last request: 0.000222 seconds.
  path: Assets/Models/Cats/cat4N.png
  artifactKey: Guid(41ffc22b32e1a7c4c9e443dd469cc55b) Importer(815301076,1909f56bfc062723c751e8b465ee728b)
Start importing Assets/Models/Cats/cat4N.png using Guid(41ffc22b32e1a7c4c9e443dd469cc55b) Importer(815301076,1909f56bfc062723c751e8b465ee728b)  -> (artifact id: '247124102b48c2262f825cdea2102a31') in 0.010000 seconds
  Import took 0.014602 seconds .

========================================================================
Received Prepare
Registering precompiled user dll's ...
Registered in 0.003890 seconds.
Begin MonoManager ReloadAssembly
Native extension for WindowsStandalone target not found
Refreshing native plugins compatible for Editor in 0.45 ms, found 0 plugins.
Preloading 0 native plugins for Editor in 0.00 ms.
Warning: Annotation not found!
UnityEngine.StackTraceUtility:ExtractStackTrace ()
UnityEditor.ProBuilder.EditorUtility:SetGizmoIconEnabled (System.Type,bool) (at Library/PackageCache/com.unity.probuilder@4.5.0/Editor/EditorCore/EditorUtility.cs:593)
UnityEditor.ProBuilder.HierarchyListener:.cctor () (at Library/PackageCache/com.unity.probuilder@4.5.0/Editor/EditorCore/HierarchyListener.cs:21)
System.Runtime.CompilerServices.RuntimeHelpers:RunClassConstructor (System.RuntimeTypeHandle)
UnityEditor.EditorAssemblies:ProcessInitializeOnLoadAttributes (System.Type[])

[Library/PackageCache/com.unity.probuilder@4.5.0/Editor/EditorCore/EditorUtility.cs line 593]

Invoked RoslynAnalysisRunner static constructor.
RoslynAnalysisRunner will not be running.
RoslynAnalysisRunner has terminated.
Mono: successfully reloaded assembly
- Completed reload, in  0.933 seconds
Platform modules already initialized, skipping
Shader 'Universal Render Pipeline/Particles/Lit': fallback shader 'Universal Render Pipeline/Particles/SimpleLit' not found
Shader 'Universal Render Pipeline/Particles/Lit': fallback shader 'Universal Render Pipeline/Particles/SimpleLit' not found
Refreshing native plugins compatible for Editor in 0.45 ms, found 0 plugins.
Preloading 0 native plugins for Editor in 0.00 ms.
Unloading 2811 Unused Serialized files (Serialized files now loaded: 0)
System memory in use before: 134.7 MB.
System memory in use after: 132.0 MB.

Unloading 47 unused Assets to reduce memory usage. Loaded Objects now: 3490.
Total: 4.107800 ms (FindLiveObjects: 0.293000 ms CreateObjectMapping: 0.159500 ms MarkObjects: 2.176200 ms  DeleteObjects: 1.478100 ms)

========================================================================
Received Prepare
Registering precompiled user dll's ...
Registered in 0.003186 seconds.
Begin MonoManager ReloadAssembly
Native extension for WindowsStandalone target not found
Refreshing native plugins compatible for Editor in 0.51 ms, found 0 plugins.
Preloading 0 native plugins for Editor in 0.00 ms.
Warning: Annotation not found!
UnityEngine.StackTraceUtility:ExtractStackTrace ()
UnityEditor.ProBuilder.EditorUtility:SetGizmoIconEnabled (System.Type,bool) (at Library/PackageCache/com.unity.probuilder@4.5.0/Editor/EditorCore/EditorUtility.cs:593)
UnityEditor.ProBuilder.HierarchyListener:.cctor () (at Library/PackageCache/com.unity.probuilder@4.5.0/Editor/EditorCore/HierarchyListener.cs:21)
System.Runtime.CompilerServices.RuntimeHelpers:RunClassConstructor (System.RuntimeTypeHandle)
UnityEditor.EditorAssemblies:ProcessInitializeOnLoadAttributes (System.Type[])

[Library/PackageCache/com.unity.probuilder@4.5.0/Editor/EditorCore/EditorUtility.cs line 593]

Invoked RoslynAnalysisRunner static constructor.
RoslynAnalysisRunner will not be running.
RoslynAnalysisRunner has terminated.
Mono: successfully reloaded assembly
- Completed reload, in  0.970 seconds
Platform modules already initialized, skipping
Shader 'Universal Render Pipeline/Particles/Lit': fallback shader 'Universal Render Pipeline/Particles/SimpleLit' not found
Shader 'Universal Render Pipeline/Particles/Lit': fallback shader 'Universal Render Pipeline/Particles/SimpleLit' not found
Refreshing native plugins compatible for Editor in 0.47 ms, found 0 plugins.
Preloading 0 native plugins for Editor in 0.00 ms.
Unloading 2811 Unused Serialized files (Serialized files now loaded: 0)
System memory in use before: 134.7 MB.
System memory in use after: 132.0 MB.

Unloading 47 unused Assets to reduce memory usage. Loaded Objects now: 3493.
Total: 4.947600 ms (FindLiveObjects: 0.404200 ms CreateObjectMapping: 0.240400 ms MarkObjects: 2.329700 ms  DeleteObjects: 1.971900 ms)

========================================================================
Received Import Request.
  Time since last request: 237.376027 seconds.
  path: Assets/Scenes/TestScene/Quentin/GameScene.unity
  artifactKey: Guid(172dffed9d9a118469f5e35c4da58a9f) Importer(815301076,1909f56bfc062723c751e8b465ee728b)
Start importing Assets/Scenes/TestScene/Quentin/GameScene.unity using Guid(172dffed9d9a118469f5e35c4da58a9f) Importer(815301076,1909f56bfc062723c751e8b465ee728b)  -> (artifact id: 'd294426c10602a1d8bbe9d06c0409a9e') in 0.006523 seconds
  Import took 0.010923 seconds .

========================================================================
Received Prepare
Registering precompiled user dll's ...
Registered in 0.003290 seconds.
Begin MonoManager ReloadAssembly
Native extension for WindowsStandalone target not found
Refreshing native plugins compatible for Editor in 0.47 ms, found 0 plugins.
Preloading 0 native plugins for Editor in 0.00 ms.
Warning: Annotation not found!
UnityEngine.StackTraceUtility:ExtractStackTrace ()
UnityEditor.ProBuilder.EditorUtility:SetGizmoIconEnabled (System.Type,bool) (at Library/PackageCache/com.unity.probuilder@4.5.0/Editor/EditorCore/EditorUtility.cs:593)
UnityEditor.ProBuilder.HierarchyListener:.cctor () (at Library/PackageCache/com.unity.probuilder@4.5.0/Editor/EditorCore/HierarchyListener.cs:21)
System.Runtime.CompilerServices.RuntimeHelpers:RunClassConstructor (System.RuntimeTypeHandle)
UnityEditor.EditorAssemblies:ProcessInitializeOnLoadAttributes (System.Type[])

[Library/PackageCache/com.unity.probuilder@4.5.0/Editor/EditorCore/EditorUtility.cs line 593]

Invoked RoslynAnalysisRunner static constructor.
RoslynAnalysisRunner will not be running.
RoslynAnalysisRunner has terminated.
Mono: successfully reloaded assembly
- Completed reload, in  0.965 seconds
Platform modules already initialized, skipping
Shader 'Universal Render Pipeline/Particles/Lit': fallback shader 'Universal Render Pipeline/Particles/SimpleLit' not found
Shader 'Universal Render Pipeline/Particles/Lit': fallback shader 'Universal Render Pipeline/Particles/SimpleLit' not found
Refreshing native plugins compatible for Editor in 0.48 ms, found 0 plugins.
Preloading 0 native plugins for Editor in 0.00 ms.
Unloading 2811 Unused Serialized files (Serialized files now loaded: 0)
System memory in use before: 134.7 MB.
System memory in use after: 132.0 MB.

Unloading 47 unused Assets to reduce memory usage. Loaded Objects now: 3496.
Total: 5.069100 ms (FindLiveObjects: 0.415200 ms CreateObjectMapping: 0.175000 ms MarkObjects: 2.717300 ms  DeleteObjects: 1.760600 ms)

========================================================================
Received Prepare
Registering precompiled user dll's ...
Registered in 0.003553 seconds.
Begin MonoManager ReloadAssembly
Native extension for WindowsStandalone target not found
Refreshing native plugins compatible for Editor in 0.45 ms, found 0 plugins.
Preloading 0 native plugins for Editor in 0.00 ms.
Warning: Annotation not found!
UnityEngine.StackTraceUtility:ExtractStackTrace ()
UnityEditor.ProBuilder.EditorUtility:SetGizmoIconEnabled (System.Type,bool) (at Library/PackageCache/com.unity.probuilder@4.5.0/Editor/EditorCore/EditorUtility.cs:593)
UnityEditor.ProBuilder.HierarchyListener:.cctor () (at Library/PackageCache/com.unity.probuilder@4.5.0/Editor/EditorCore/HierarchyListener.cs:21)
System.Runtime.CompilerServices.RuntimeHelpers:RunClassConstructor (System.RuntimeTypeHandle)
UnityEditor.EditorAssemblies:ProcessInitializeOnLoadAttributes (System.Type[])

[Library/PackageCache/com.unity.probuilder@4.5.0/Editor/EditorCore/EditorUtility.cs line 593]

Invoked RoslynAnalysisRunner static constructor.
RoslynAnalysisRunner will not be running.
RoslynAnalysisRunner has terminated.
Mono: successfully reloaded assembly
- Completed reload, in  0.937 seconds
Platform modules already initialized, skipping
Shader 'Universal Render Pipeline/Particles/Lit': fallback shader 'Universal Render Pipeline/Particles/SimpleLit' not found
Shader 'Universal Render Pipeline/Particles/Lit': fallback shader 'Universal Render Pipeline/Particles/SimpleLit' not found
Refreshing native plugins compatible for Editor in 0.46 ms, found 0 plugins.
Preloading 0 native plugins for Editor in 0.00 ms.
Unloading 2811 Unused Serialized files (Serialized files now loaded: 0)
System memory in use before: 134.8 MB.
System memory in use after: 132.0 MB.

Unloading 47 unused Assets to reduce memory usage. Loaded Objects now: 3499.
Total: 4.481300 ms (FindLiveObjects: 0.298300 ms CreateObjectMapping: 0.161500 ms MarkObjects: 2.508800 ms  DeleteObjects: 1.511800 ms)

========================================================================
Received Prepare
Registering precompiled user dll's ...
Registered in 0.003434 seconds.
Begin MonoManager ReloadAssembly
Native extension for WindowsStandalone target not found
Refreshing native plugins compatible for Editor in 0.48 ms, found 0 plugins.
Preloading 0 native plugins for Editor in 0.00 ms.
Warning: Annotation not found!
UnityEngine.StackTraceUtility:ExtractStackTrace ()
UnityEditor.ProBuilder.EditorUtility:SetGizmoIconEnabled (System.Type,bool) (at Library/PackageCache/com.unity.probuilder@4.5.0/Editor/EditorCore/EditorUtility.cs:593)
UnityEditor.ProBuilder.HierarchyListener:.cctor () (at Library/PackageCache/com.unity.probuilder@4.5.0/Editor/EditorCore/HierarchyListener.cs:21)
System.Runtime.CompilerServices.RuntimeHelpers:RunClassConstructor (System.RuntimeTypeHandle)
UnityEditor.EditorAssemblies:ProcessInitializeOnLoadAttributes (System.Type[])

[Library/PackageCache/com.unity.probuilder@4.5.0/Editor/EditorCore/EditorUtility.cs line 593]

Invoked RoslynAnalysisRunner static constructor.
RoslynAnalysisRunner will not be running.
RoslynAnalysisRunner has terminated.
Mono: successfully reloaded assembly
- Completed reload, in  0.931 seconds
Platform modules already initialized, skipping
Shader 'Universal Render Pipeline/Particles/Lit': fallback shader 'Universal Render Pipeline/Particles/SimpleLit' not found
Shader 'Universal Render Pipeline/Particles/Lit': fallback shader 'Universal Render Pipeline/Particles/SimpleLit' not found
Refreshing native plugins compatible for Editor in 0.47 ms, found 0 plugins.
Preloading 0 native plugins for Editor in 0.00 ms.
Unloading 2811 Unused Serialized files (Serialized files now loaded: 0)
System memory in use before: 134.7 MB.
System memory in use after: 132.0 MB.

Unloading 47 unused Assets to reduce memory usage. Loaded Objects now: 3502.
Total: 4.513100 ms (FindLiveObjects: 0.323500 ms CreateObjectMapping: 0.170300 ms MarkObjects: 2.501900 ms  DeleteObjects: 1.516100 ms)

========================================================================
Received Prepare
Registering precompiled user dll's ...
Registered in 0.003109 seconds.
Begin MonoManager ReloadAssembly
Native extension for WindowsStandalone target not found
Refreshing native plugins compatible for Editor in 0.47 ms, found 0 plugins.
Preloading 0 native plugins for Editor in 0.00 ms.
Warning: Annotation not found!
UnityEngine.StackTraceUtility:ExtractStackTrace ()
UnityEditor.ProBuilder.EditorUtility:SetGizmoIconEnabled (System.Type,bool) (at Library/PackageCache/com.unity.probuilder@4.5.0/Editor/EditorCore/EditorUtility.cs:593)
UnityEditor.ProBuilder.HierarchyListener:.cctor () (at Library/PackageCache/com.unity.probuilder@4.5.0/Editor/EditorCore/HierarchyListener.cs:21)
System.Runtime.CompilerServices.RuntimeHelpers:RunClassConstructor (System.RuntimeTypeHandle)
UnityEditor.EditorAssemblies:ProcessInitializeOnLoadAttributes (System.Type[])

[Library/PackageCache/com.unity.probuilder@4.5.0/Editor/EditorCore/EditorUtility.cs line 593]

Invoked RoslynAnalysisRunner static constructor.
RoslynAnalysisRunner will not be running.
RoslynAnalysisRunner has terminated.
Mono: successfully reloaded assembly
- Completed reload, in  0.956 seconds
Platform modules already initialized, skipping
Shader 'Universal Render Pipeline/Particles/Lit': fallback shader 'Universal Render Pipeline/Particles/SimpleLit' not found
Shader 'Universal Render Pipeline/Particles/Lit': fallback shader 'Universal Render Pipeline/Particles/SimpleLit' not found
Refreshing native plugins compatible for Editor in 0.47 ms, found 0 plugins.
Preloading 0 native plugins for Editor in 0.00 ms.
Unloading 2811 Unused Serialized files (Serialized files now loaded: 0)
System memory in use before: 134.7 MB.
System memory in use after: 132.0 MB.

Unloading 47 unused Assets to reduce memory usage. Loaded Objects now: 3505.
Total: 5.261700 ms (FindLiveObjects: 0.444500 ms CreateObjectMapping: 0.197700 ms MarkObjects: 3.019900 ms  DeleteObjects: 1.598400 ms)

========================================================================
Received Prepare
Registering precompiled user dll's ...
Registered in 0.003856 seconds.
Begin MonoManager ReloadAssembly
Native extension for WindowsStandalone target not found
Refreshing native plugins compatible for Editor in 0.47 ms, found 0 plugins.
Preloading 0 native plugins for Editor in 0.00 ms.
Warning: Annotation not found!
UnityEngine.StackTraceUtility:ExtractStackTrace ()
UnityEditor.ProBuilder.EditorUtility:SetGizmoIconEnabled (System.Type,bool) (at Library/PackageCache/com.unity.probuilder@4.5.0/Editor/EditorCore/EditorUtility.cs:593)
UnityEditor.ProBuilder.HierarchyListener:.cctor () (at Library/PackageCache/com.unity.probuilder@4.5.0/Editor/EditorCore/HierarchyListener.cs:21)
System.Runtime.CompilerServices.RuntimeHelpers:RunClassConstructor (System.RuntimeTypeHandle)
UnityEditor.EditorAssemblies:ProcessInitializeOnLoadAttributes (System.Type[])

[Library/PackageCache/com.unity.probuilder@4.5.0/Editor/EditorCore/EditorUtility.cs line 593]

Invoked RoslynAnalysisRunner static constructor.
RoslynAnalysisRunner will not be running.
RoslynAnalysisRunner has terminated.
Mono: successfully reloaded assembly
- Completed reload, in  0.961 seconds
Platform modules already initialized, skipping
Shader 'Universal Render Pipeline/Particles/Lit': fallback shader 'Universal Render Pipeline/Particles/SimpleLit' not found
Shader 'Universal Render Pipeline/Particles/Lit': fallback shader 'Universal Render Pipeline/Particles/SimpleLit' not found
Refreshing native plugins compatible for Editor in 0.46 ms, found 0 plugins.
Preloading 0 native plugins for Editor in 0.00 ms.
Unloading 2811 Unused Serialized files (Serialized files now loaded: 0)
System memory in use before: 134.8 MB.
System memory in use after: 132.0 MB.

Unloading 47 unused Assets to reduce memory usage. Loaded Objects now: 3508.
Total: 4.551400 ms (FindLiveObjects: 0.305000 ms CreateObjectMapping: 0.155900 ms MarkObjects: 2.453600 ms  DeleteObjects: 1.635100 ms)

========================================================================
Received Prepare
Registering precompiled user dll's ...
Registered in 0.003070 seconds.
Begin MonoManager ReloadAssembly
Native extension for WindowsStandalone target not found
Refreshing native plugins compatible for Editor in 0.45 ms, found 0 plugins.
Preloading 0 native plugins for Editor in 0.00 ms.
Warning: Annotation not found!
UnityEngine.StackTraceUtility:ExtractStackTrace ()
UnityEditor.ProBuilder.EditorUtility:SetGizmoIconEnabled (System.Type,bool) (at Library/PackageCache/com.unity.probuilder@4.5.0/Editor/EditorCore/EditorUtility.cs:593)
UnityEditor.ProBuilder.HierarchyListener:.cctor () (at Library/PackageCache/com.unity.probuilder@4.5.0/Editor/EditorCore/HierarchyListener.cs:21)
System.Runtime.CompilerServices.RuntimeHelpers:RunClassConstructor (System.RuntimeTypeHandle)
UnityEditor.EditorAssemblies:ProcessInitializeOnLoadAttributes (System.Type[])

[Library/PackageCache/com.unity.probuilder@4.5.0/Editor/EditorCore/EditorUtility.cs line 593]

Invoked RoslynAnalysisRunner static constructor.
RoslynAnalysisRunner will not be running.
RoslynAnalysisRunner has terminated.
Mono: successfully reloaded assembly
- Completed reload, in  0.976 seconds
Platform modules already initialized, skipping
Shader 'Universal Render Pipeline/Particles/Lit': fallback shader 'Universal Render Pipeline/Particles/SimpleLit' not found
Shader 'Universal Render Pipeline/Particles/Lit': fallback shader 'Universal Render Pipeline/Particles/SimpleLit' not found
Refreshing native plugins compatible for Editor in 0.48 ms, found 0 plugins.
Preloading 0 native plugins for Editor in 0.00 ms.
Unloading 2811 Unused Serialized files (Serialized files now loaded: 0)
System memory in use before: 134.8 MB.
System memory in use after: 132.0 MB.

Unloading 47 unused Assets to reduce memory usage. Loaded Objects now: 3511.
Total: 4.824200 ms (FindLiveObjects: 0.420200 ms CreateObjectMapping: 0.193800 ms MarkObjects: 2.546200 ms  DeleteObjects: 1.662800 ms)

========================================================================
Received Prepare
Registering precompiled user dll's ...
Registered in 0.003565 seconds.
Begin MonoManager ReloadAssembly
Native extension for WindowsStandalone target not found
Refreshing native plugins compatible for Editor in 0.46 ms, found 0 plugins.
Preloading 0 native plugins for Editor in 0.00 ms.
Warning: Annotation not found!
UnityEngine.StackTraceUtility:ExtractStackTrace ()
UnityEditor.ProBuilder.EditorUtility:SetGizmoIconEnabled (System.Type,bool) (at Library/PackageCache/com.unity.probuilder@4.5.0/Editor/EditorCore/EditorUtility.cs:593)
UnityEditor.ProBuilder.HierarchyListener:.cctor () (at Library/PackageCache/com.unity.probuilder@4.5.0/Editor/EditorCore/HierarchyListener.cs:21)
System.Runtime.CompilerServices.RuntimeHelpers:RunClassConstructor (System.RuntimeTypeHandle)
UnityEditor.EditorAssemblies:ProcessInitializeOnLoadAttributes (System.Type[])

[Library/PackageCache/com.unity.probuilder@4.5.0/Editor/EditorCore/EditorUtility.cs line 593]

Invoked RoslynAnalysisRunner static constructor.
RoslynAnalysisRunner will not be running.
RoslynAnalysisRunner has terminated.
Mono: successfully reloaded assembly
- Completed reload, in  0.935 seconds
Platform modules already initialized, skipping
Shader 'Universal Render Pipeline/Particles/Lit': fallback shader 'Universal Render Pipeline/Particles/SimpleLit' not found
Shader 'Universal Render Pipeline/Particles/Lit': fallback shader 'Universal Render Pipeline/Particles/SimpleLit' not found
Refreshing native plugins compatible for Editor in 0.48 ms, found 0 plugins.
Preloading 0 native plugins for Editor in 0.00 ms.
Unloading 2811 Unused Serialized files (Serialized files now loaded: 0)
System memory in use before: 134.8 MB.
System memory in use after: 132.0 MB.

Unloading 47 unused Assets to reduce memory usage. Loaded Objects now: 3514.
Total: 4.850900 ms (FindLiveObjects: 0.422900 ms CreateObjectMapping: 0.171000 ms MarkObjects: 2.618400 ms  DeleteObjects: 1.637400 ms)

========================================================================
Received Prepare
Registering precompiled user dll's ...
Registered in 0.003451 seconds.
Begin MonoManager ReloadAssembly
Native extension for WindowsStandalone target not found
Refreshing native plugins compatible for Editor in 0.48 ms, found 0 plugins.
Preloading 0 native plugins for Editor in 0.00 ms.
Warning: Annotation not found!
UnityEngine.StackTraceUtility:ExtractStackTrace ()
UnityEditor.ProBuilder.EditorUtility:SetGizmoIconEnabled (System.Type,bool) (at Library/PackageCache/com.unity.probuilder@4.5.0/Editor/EditorCore/EditorUtility.cs:593)
UnityEditor.ProBuilder.HierarchyListener:.cctor () (at Library/PackageCache/com.unity.probuilder@4.5.0/Editor/EditorCore/HierarchyListener.cs:21)
System.Runtime.CompilerServices.RuntimeHelpers:RunClassConstructor (System.RuntimeTypeHandle)
UnityEditor.EditorAssemblies:ProcessInitializeOnLoadAttributes (System.Type[])

[Library/PackageCache/com.unity.probuilder@4.5.0/Editor/EditorCore/EditorUtility.cs line 593]

Invoked RoslynAnalysisRunner static constructor.
RoslynAnalysisRunner will not be running.
RoslynAnalysisRunner has terminated.
Mono: successfully reloaded assembly
- Completed reload, in  1.019 seconds
Platform modules already initialized, skipping
Shader 'Universal Render Pipeline/Particles/Lit': fallback shader 'Universal Render Pipeline/Particles/SimpleLit' not found
Shader 'Universal Render Pipeline/Particles/Lit': fallback shader 'Universal Render Pipeline/Particles/SimpleLit' not found
Refreshing native plugins compatible for Editor in 0.50 ms, found 0 plugins.
Preloading 0 native plugins for Editor in 0.00 ms.
Unloading 2811 Unused Serialized files (Serialized files now loaded: 0)
System memory in use before: 134.8 MB.
System memory in use after: 132.1 MB.

Unloading 47 unused Assets to reduce memory usage. Loaded Objects now: 3517.
Total: 5.170800 ms (FindLiveObjects: 0.329800 ms CreateObjectMapping: 0.180600 ms MarkObjects: 2.820500 ms  DeleteObjects: 1.838300 ms)

========================================================================
Received Prepare
Registering precompiled user dll's ...
Registered in 0.013064 seconds.
Begin MonoManager ReloadAssembly
Native extension for WindowsStandalone target not found
Refreshing native plugins compatible for Editor in 0.49 ms, found 0 plugins.
Preloading 0 native plugins for Editor in 0.00 ms.
Warning: Annotation not found!
UnityEngine.StackTraceUtility:ExtractStackTrace ()
UnityEditor.ProBuilder.EditorUtility:SetGizmoIconEnabled (System.Type,bool) (at Library/PackageCache/com.unity.probuilder@4.5.0/Editor/EditorCore/EditorUtility.cs:593)
UnityEditor.ProBuilder.HierarchyListener:.cctor () (at Library/PackageCache/com.unity.probuilder@4.5.0/Editor/EditorCore/HierarchyListener.cs:21)
System.Runtime.CompilerServices.RuntimeHelpers:RunClassConstructor (System.RuntimeTypeHandle)
UnityEditor.EditorAssemblies:ProcessInitializeOnLoadAttributes (System.Type[])

[Library/PackageCache/com.unity.probuilder@4.5.0/Editor/EditorCore/EditorUtility.cs line 593]

Invoked RoslynAnalysisRunner static constructor.
RoslynAnalysisRunner will not be running.
RoslynAnalysisRunner has terminated.
Mono: successfully reloaded assembly
- Completed reload, in  0.991 seconds
Platform modules already initialized, skipping
Shader 'Universal Render Pipeline/Particles/Lit': fallback shader 'Universal Render Pipeline/Particles/SimpleLit' not found
Shader 'Universal Render Pipeline/Particles/Lit': fallback shader 'Universal Render Pipeline/Particles/SimpleLit' not found
Refreshing native plugins compatible for Editor in 0.46 ms, found 0 plugins.
Preloading 0 native plugins for Editor in 0.00 ms.
Unloading 2811 Unused Serialized files (Serialized files now loaded: 0)
System memory in use before: 134.7 MB.
System memory in use after: 132.0 MB.

Unloading 47 unused Assets to reduce memory usage. Loaded Objects now: 3520.
Total: 4.534300 ms (FindLiveObjects: 0.300800 ms CreateObjectMapping: 0.154500 ms MarkObjects: 2.318800 ms  DeleteObjects: 1.759200 ms)

========================================================================
Received Prepare
Registering precompiled user dll's ...
Registered in 0.003079 seconds.
Begin MonoManager ReloadAssembly
Native extension for WindowsStandalone target not found
Refreshing native plugins compatible for Editor in 0.45 ms, found 0 plugins.
Preloading 0 native plugins for Editor in 0.00 ms.
Warning: Annotation not found!
UnityEngine.StackTraceUtility:ExtractStackTrace ()
UnityEditor.ProBuilder.EditorUtility:SetGizmoIconEnabled (System.Type,bool) (at Library/PackageCache/com.unity.probuilder@4.5.0/Editor/EditorCore/EditorUtility.cs:593)
UnityEditor.ProBuilder.HierarchyListener:.cctor () (at Library/PackageCache/com.unity.probuilder@4.5.0/Editor/EditorCore/HierarchyListener.cs:21)
System.Runtime.CompilerServices.RuntimeHelpers:RunClassConstructor (System.RuntimeTypeHandle)
UnityEditor.EditorAssemblies:ProcessInitializeOnLoadAttributes (System.Type[])

[Library/PackageCache/com.unity.probuilder@4.5.0/Editor/EditorCore/EditorUtility.cs line 593]

Invoked RoslynAnalysisRunner static constructor.
RoslynAnalysisRunner will not be running.
RoslynAnalysisRunner has terminated.
Mono: successfully reloaded assembly
- Completed reload, in  1.007 seconds
Platform modules already initialized, skipping
Shader 'Universal Render Pipeline/Particles/Lit': fallback shader 'Universal Render Pipeline/Particles/SimpleLit' not found
Shader 'Universal Render Pipeline/Particles/Lit': fallback shader 'Universal Render Pipeline/Particles/SimpleLit' not found
Refreshing native plugins compatible for Editor in 0.52 ms, found 0 plugins.
Preloading 0 native plugins for Editor in 0.00 ms.
Unloading 2811 Unused Serialized files (Serialized files now loaded: 0)
System memory in use before: 134.8 MB.
System memory in use after: 132.1 MB.

Unloading 47 unused Assets to reduce memory usage. Loaded Objects now: 3523.
Total: 4.331000 ms (FindLiveObjects: 0.283400 ms CreateObjectMapping: 0.136300 ms MarkObjects: 2.355700 ms  DeleteObjects: 1.554600 ms)

========================================================================
Received Prepare
Shader 'Universal Render Pipeline/Particles/Lit': fallback shader 'Universal Render Pipeline/Particles/SimpleLit' not found
Shader 'Universal Render Pipeline/Particles/Lit': fallback shader 'Universal Render Pipeline/Particles/SimpleLit' not found
Refreshing native plugins compatible for Editor in 1.92 ms, found 0 plugins.
Preloading 0 native plugins for Editor in 0.00 ms.
Unloading 42 Unused Serialized files (Serialized files now loaded: 0)
System memory in use before: 80.2 MB.
System memory in use after: 77.4 MB.

Unloading 42 unused Assets to reduce memory usage. Loaded Objects now: 3523.
Total: 4.352100 ms (FindLiveObjects: 0.362700 ms CreateObjectMapping: 0.222800 ms MarkObjects: 2.231200 ms  DeleteObjects: 1.534400 ms)

========================================================================
Received Prepare
Registering precompiled user dll's ...
Registered in 0.003121 seconds.
Begin MonoManager ReloadAssembly
Native extension for WindowsStandalone target not found
Refreshing native plugins compatible for Editor in 0.47 ms, found 0 plugins.
Preloading 0 native plugins for Editor in 0.00 ms.
Warning: Annotation not found!
UnityEngine.StackTraceUtility:ExtractStackTrace ()
UnityEditor.ProBuilder.EditorUtility:SetGizmoIconEnabled (System.Type,bool) (at Library/PackageCache/com.unity.probuilder@4.5.0/Editor/EditorCore/EditorUtility.cs:593)
UnityEditor.ProBuilder.HierarchyListener:.cctor () (at Library/PackageCache/com.unity.probuilder@4.5.0/Editor/EditorCore/HierarchyListener.cs:21)
System.Runtime.CompilerServices.RuntimeHelpers:RunClassConstructor (System.RuntimeTypeHandle)
UnityEditor.EditorAssemblies:ProcessInitializeOnLoadAttributes (System.Type[])

[Library/PackageCache/com.unity.probuilder@4.5.0/Editor/EditorCore/EditorUtility.cs line 593]

Invoked RoslynAnalysisRunner static constructor.
RoslynAnalysisRunner will not be running.
RoslynAnalysisRunner has terminated.
Mono: successfully reloaded assembly
- Completed reload, in  1.018 seconds
Platform modules already initialized, skipping
Shader 'Universal Render Pipeline/Particles/Lit': fallback shader 'Universal Render Pipeline/Particles/SimpleLit' not found
Shader 'Universal Render Pipeline/Particles/Lit': fallback shader 'Universal Render Pipeline/Particles/SimpleLit' not found
Refreshing native plugins compatible for Editor in 0.48 ms, found 0 plugins.
Preloading 0 native plugins for Editor in 0.00 ms.
Unloading 2811 Unused Serialized files (Serialized files now loaded: 0)
System memory in use before: 134.8 MB.
System memory in use after: 132.1 MB.

Unloading 47 unused Assets to reduce memory usage. Loaded Objects now: 3526.
Total: 4.558200 ms (FindLiveObjects: 0.318500 ms CreateObjectMapping: 0.158700 ms MarkObjects: 2.517600 ms  DeleteObjects: 1.562400 ms)

========================================================================
Received Import Request.
  Time since last request: 5094.999137 seconds.
  path: Assets/Prefabs/Player.prefab
  artifactKey: Guid(fd0eb92d7e0389b4bba6d4d22950a5e9) Importer(815301076,1909f56bfc062723c751e8b465ee728b)
Start importing Assets/Prefabs/Player.prefab using Guid(fd0eb92d7e0389b4bba6d4d22950a5e9) Importer(815301076,1909f56bfc062723c751e8b465ee728b)  -> (artifact id: '3af10f45ab7193c9b530ed0a28e36376') in 0.188061 seconds
  Import took 0.193042 seconds .

========================================================================
Received Import Request.
  Time since last request: 1.107842 seconds.
  path: Assets/Prefabs/Player.prefab
  artifactKey: Guid(fd0eb92d7e0389b4bba6d4d22950a5e9) Importer(815301076,1909f56bfc062723c751e8b465ee728b)
Start importing Assets/Prefabs/Player.prefab using Guid(fd0eb92d7e0389b4bba6d4d22950a5e9) Importer(815301076,1909f56bfc062723c751e8b465ee728b)  -> (artifact id: '3200d8a73f3594c64547e436cbae2cd7') in 0.010807 seconds
  Import took 0.015114 seconds .

========================================================================
Received Prepare
Shader 'Universal Render Pipeline/Particles/Lit': fallback shader 'Universal Render Pipeline/Particles/SimpleLit' not found
Shader 'Universal Render Pipeline/Particles/Lit': fallback shader 'Universal Render Pipeline/Particles/SimpleLit' not found
Refreshing native plugins compatible for Editor in 3.12 ms, found 0 plugins.
Preloading 0 native plugins for Editor in 0.00 ms.
Unloading 42 Unused Serialized files (Serialized files now loaded: 0)
System memory in use before: 80.8 MB.
System memory in use after: 78.1 MB.

Unloading 42 unused Assets to reduce memory usage. Loaded Objects now: 3589.
Total: 4.996400 ms (FindLiveObjects: 0.290100 ms CreateObjectMapping: 0.152300 ms MarkObjects: 2.651500 ms  DeleteObjects: 1.901600 ms)

AssetImportWorkerClient::OnTransportError - code=2 error=End of file
